<?xml version="1.0" encoding="UTF-8"?>
<!-- Generated by org.testng.reporters.JUnitReportReporter -->
<testsuite hostname="Pranav-Yadav" failures="0" tests="1" name="Test.LoginTest" time="35.059" errors="0" timestamp="2022-05-31T01:59:10 IST" skipped="0">
  <testcase classname="Test.LoginTest" name="codeShareTest" time="35.059"/>
  <system-out/>
</testsuite> <!-- Test.LoginTest -->
