<?xml version="1.0" encoding="UTF-8"?>
<!-- Generated by org.testng.reporters.JUnitReportReporter -->
<testsuite hostname="Pranav-Yadav" failures="0" tests="1" name="TestNgRetryFailedTest.TestNgRetryFailedTest" time="22.028" errors="0" timestamp="2022-05-31T02:00:30 IST" skipped="0">
  <testcase classname="TestNgRetryFailedTest.TestNgRetryFailedTest" name="codeShareTest" time="22.028"/>
  <system-out/>
</testsuite> <!-- TestNgRetryFailedTest.TestNgRetryFailedTest -->
